[Fri Feb 07 09:34:01.696264 2025] [ssl:warn] [pid 7212:tid 444] AH01909: www.example.com:443:0 server certificate does NOT include an ID which matches the server name
[Fri Feb 07 09:34:01.743109 2025] [ssl:warn] [pid 7212:tid 444] AH01909: www.example.com:443:0 server certificate does NOT include an ID which matches the server name
[Fri Feb 07 09:34:01.789985 2025] [mpm_winnt:notice] [pid 7212:tid 444] AH00455: Apache/2.4.58 (Win64) OpenSSL/3.1.3 PHP/8.2.12 configured -- resuming normal operations
[Fri Feb 07 09:34:01.789985 2025] [mpm_winnt:notice] [pid 7212:tid 444] AH00456: Apache Lounge VS17 Server built: Oct 18 2023 13:03:18
[Fri Feb 07 09:34:01.789985 2025] [core:notice] [pid 7212:tid 444] AH00094: Command line: 'c:\\users\\user\\desktop\\vizsgahoz szukseges\\messengeres-vizsgaremek\\xampp_server\\apache\\bin\\httpd.exe -d C:/Users/user/Desktop/vizsgahoz szukseges/Messengeres-vizsgaremek/xampp_server/apache'
[Fri Feb 07 09:34:01.789985 2025] [mpm_winnt:notice] [pid 7212:tid 444] AH00418: Parent: Created child process 6724
[Fri Feb 07 09:34:02.169550 2025] [ssl:warn] [pid 6724:tid 456] AH01909: www.example.com:443:0 server certificate does NOT include an ID which matches the server name
[Fri Feb 07 09:34:02.200682 2025] [ssl:warn] [pid 6724:tid 456] AH01909: www.example.com:443:0 server certificate does NOT include an ID which matches the server name
[Fri Feb 07 09:34:02.231931 2025] [mpm_winnt:notice] [pid 6724:tid 456] AH00354: Child: Starting 150 worker threads.
[Fri Feb 07 11:26:08.907828 2025] [ssl:warn] [pid 15428:tid 416] AH01909: www.example.com:443:0 server certificate does NOT include an ID which matches the server name
[Fri Feb 07 11:26:08.944803 2025] [core:warn] [pid 15428:tid 416] AH00098: pid file C:/Users/user/Desktop/vizsgahoz szukseges/Messengeres-vizsgaremek/xampp_server/apache/logs/httpd.pid overwritten -- Unclean shutdown of previous Apache run?
[Fri Feb 07 11:26:08.947802 2025] [ssl:warn] [pid 15428:tid 416] AH01909: www.example.com:443:0 server certificate does NOT include an ID which matches the server name
[Fri Feb 07 11:26:08.984803 2025] [mpm_winnt:notice] [pid 15428:tid 416] AH00455: Apache/2.4.58 (Win64) OpenSSL/3.1.3 PHP/8.2.12 configured -- resuming normal operations
[Fri Feb 07 11:26:08.984803 2025] [mpm_winnt:notice] [pid 15428:tid 416] AH00456: Apache Lounge VS17 Server built: Oct 18 2023 13:03:18
[Fri Feb 07 11:26:08.984803 2025] [core:notice] [pid 15428:tid 416] AH00094: Command line: 'C:\\Users\\user\\Desktop\\vizsgahoz szukseges\\messengeres-vizsgaremek\\xampp_server\\apache\\bin\\httpd.exe -d C:/Users/user/Desktop/vizsgahoz szukseges/Messengeres-vizsgaremek/xampp_server/apache'
[Fri Feb 07 11:26:08.987805 2025] [mpm_winnt:notice] [pid 15428:tid 416] AH00418: Parent: Created child process 14256
[Fri Feb 07 11:26:09.257946 2025] [ssl:warn] [pid 14256:tid 428] AH01909: www.example.com:443:0 server certificate does NOT include an ID which matches the server name
[Fri Feb 07 11:26:09.295935 2025] [ssl:warn] [pid 14256:tid 428] AH01909: www.example.com:443:0 server certificate does NOT include an ID which matches the server name
[Fri Feb 07 11:26:09.329551 2025] [mpm_winnt:notice] [pid 14256:tid 428] AH00354: Child: Starting 150 worker threads.
[Fri Feb 07 11:53:31.361937 2025] [mpm_winnt:notice] [pid 15428:tid 416] AH00422: Parent: Received shutdown signal -- Shutting down the server.
[Fri Feb 07 11:53:33.372467 2025] [mpm_winnt:notice] [pid 14256:tid 428] AH00364: Child: All worker threads have exited.
[Fri Feb 07 11:53:33.416780 2025] [mpm_winnt:notice] [pid 15428:tid 416] AH00430: Parent: Child process 14256 exited successfully.
